<?xml version="1.0" encoding="UTF-8"?>
<!-- Generated by org.testng.reporters.JUnitReportReporter -->
<testsuite hostname="Kys-MacBook-Air" failures="0" tests="7" name="com.nopCommerce.user.Module_01_Register" time="0.019" errors="1" timestamp="04 Jun 2022 14:53:15 GMT" skipped="6">
  <testcase classname="com.nopCommerce.user.Module_01_Register" name="TC_02_Register_With_Invalid_Data" time="0.000">
    <skipped/>
  </testcase> <!-- TC_02_Register_With_Invalid_Data -->
  <testcase classname="com.nopCommerce.user.Module_01_Register" name="BeforeClass" time="0.019">
    <error type="java.lang.NullPointerException">
      <![CDATA[java.lang.NullPointerException
at java.base/java.util.concurrent.ConcurrentHashMap.putVal(ConcurrentHashMap.java:1011)
at java.base/java.util.concurrent.ConcurrentHashMap.put(ConcurrentHashMap.java:1006)
at java.base/java.util.Properties.put(Properties.java:1329)
at java.base/java.util.Properties.setProperty(Properties.java:229)
at org.aeonbits.owner.DefaultFactory.setProperty(DefaultFactory.java:54)
at org.aeonbits.owner.ConfigFactory.setProperty(ConfigFactory.java:79)
at com.nopCommerce.user.Module_01_Register.BeforeClass(Module_01_Register.java:40)
at java.base/jdk.internal.reflect.NativeMethodAccessorImpl.invoke0(Native Method)
at java.base/jdk.internal.reflect.NativeMethodAccessorImpl.invoke(NativeMethodAccessorImpl.java:62)
at java.base/jdk.internal.reflect.DelegatingMethodAccessorImpl.invoke(DelegatingMethodAccessorImpl.java:43)
at java.base/java.lang.reflect.Method.invoke(Method.java:566)
at org.testng.internal.MethodInvocationHelper.invokeMethod(MethodInvocationHelper.java:124)
at org.testng.internal.MethodInvocationHelper.invokeMethodConsideringTimeout(MethodInvocationHelper.java:59)
at org.testng.internal.Invoker.invokeConfigurationMethod(Invoker.java:458)
at org.testng.internal.Invoker.invokeConfigurations(Invoker.java:222)
at org.testng.internal.Invoker.invokeConfigurations(Invoker.java:142)
at org.testng.internal.TestMethodWorker.invokeBeforeClassMethods(TestMethodWorker.java:168)
at org.testng.internal.TestMethodWorker.run(TestMethodWorker.java:105)
at org.testng.TestRunner.privateRun(TestRunner.java:648)
at org.testng.TestRunner.run(TestRunner.java:505)
at org.testng.SuiteRunner.runTest(SuiteRunner.java:455)
at org.testng.SuiteRunner.runSequentially(SuiteRunner.java:450)
at org.testng.SuiteRunner.privateRun(SuiteRunner.java:415)
at org.testng.SuiteRunner.run(SuiteRunner.java:364)
at org.testng.SuiteRunnerWorker.runSuite(SuiteRunnerWorker.java:52)
at org.testng.SuiteRunnerWorker.run(SuiteRunnerWorker.java:84)
at org.testng.TestNG.runSuitesSequentially(TestNG.java:1208)
at org.testng.TestNG.runSuitesLocally(TestNG.java:1137)
at org.testng.TestNG.runSuites(TestNG.java:1049)
at org.testng.TestNG.run(TestNG.java:1017)
at org.testng.remote.AbstractRemoteTestNG.run(AbstractRemoteTestNG.java:115)
at org.testng.remote.RemoteTestNG.initAndRun(RemoteTestNG.java:251)
at org.testng.remote.RemoteTestNG.main(RemoteTestNG.java:77)
]]>
    </error>
  </testcase> <!-- BeforeClass -->
  <testcase classname="com.nopCommerce.user.Module_01_Register" name="TC_03_Register_Successfully" time="0.000">
    <skipped/>
  </testcase> <!-- TC_03_Register_Successfully -->
  <testcase classname="com.nopCommerce.user.Module_01_Register" name="TC_04_Register_With_Existing_Email" time="0.000">
    <skipped/>
  </testcase> <!-- TC_04_Register_With_Existing_Email -->
  <testcase classname="com.nopCommerce.user.Module_01_Register" name="TC_01_Register_With_Empty_Data" time="0.000">
    <skipped/>
  </testcase> <!-- TC_01_Register_With_Empty_Data -->
  <testcase classname="com.nopCommerce.user.Module_01_Register" name="TC_06_Confirm_Password_Does_Not_Match_Pw" time="0.000">
    <skipped/>
  </testcase> <!-- TC_06_Confirm_Password_Does_Not_Match_Pw -->
  <testcase classname="com.nopCommerce.user.Module_01_Register" name="TC_05_Register_With_Password_Less_Than_6" time="0.000">
    <skipped/>
  </testcase> <!-- TC_05_Register_With_Password_Less_Than_6 -->
</testsuite> <!-- com.nopCommerce.user.Module_01_Register -->
